Arguments: 
  /home/kirkegaard/.nvm/versions/node/v12.2.0/bin/node /usr/share/yarn/bin/yarn.js add cucumber chai puppeteer superstatic –dev

PATH: 
  /home/kirkegaard/.nvm/versions/node/v12.2.0/bin:/usr/local/bin:/usr/local/sbin:/usr/sbin:/usr/bin:/sbin:/bin:/usr/games:/usr/local/games:/snap/bin:/home/kirkegaard/.dotnet/tools:/home/kirkegaard/.rvm/bin:/home/kirkegaard/.rvm/bin

Yarn version: 
  1.16.0

Node version: 
  12.2.0

Platform: 
  linux x64

Trace: 
  TypeError [ERR_UNESCAPED_CHARACTERS]: Request path contains unescaped characters
      at new ClientRequest (_http_client.js:138:13)
      at Object.request (https.js:305:10)
      at Request.module.exports.Request.start (/usr/share/yarn/lib/cli.js:130152:32)
      at Request.module.exports.Request.end (/usr/share/yarn/lib/cli.js:130911:10)
      at end (/usr/share/yarn/lib/cli.js:129965:14)
      at Immediate._onImmediate (/usr/share/yarn/lib/cli.js:129979:7)
      at processImmediate (internal/timers.js:439:21)

npm manifest: 
  {
    "name": "legacy_code_june19_team1",
    "version": "1.0.0",
    "main": "index.js",
    "repository": "https://github.com/Kirkegod/legacy_code_june19_team1.git",
    "author": "Kirkegaard <milla.kirkegaard@gmail.com>",
    "license": "MIT"
  }

yarn manifest: 
  No manifest

Lockfile: 
  # THIS IS AN AUTOGENERATED FILE. DO NOT EDIT THIS FILE DIRECTLY.
  # yarn lockfile v1
